{"contracts\\CarMarketPlace.sol":{"l":{"11":17,"36":25,"37":23,"38":21,"39":19,"40":17,"45":17,"46":15,"57":15,"59":15,"61":15,"63":15,"71":15,"72":11,"81":11,"83":11,"86":11,"89":9,"92":8,"95":6,"98":4,"100":4,"103":4,"107":4,"110":4,"112":4,"114":4,"115":4,"119":4,"122":4,"125":4},"path":"C:/Sharath/Kingsland/Module_5/Project_2/Ethereum-Dapp/contracts/CarMarketPlace.sol","s":{"1":17,"2":25,"3":23,"4":21,"5":19,"6":17,"7":15,"8":15,"9":15,"10":15,"11":11,"12":11,"13":11,"14":9,"15":8,"16":6,"17":4,"18":4,"19":4,"20":4,"21":4,"22":4,"23":4,"24":4,"25":4,"26":4,"27":4},"b":{"1":[23,2],"2":[21,2],"3":[19,2],"4":[17,2],"5":[15,2],"6":[11,4],"7":[9,2],"8":[8,1],"9":[6,2],"10":[4,2]},"f":{"1":17,"2":25,"3":17,"4":15,"5":15,"6":11},"fnMap":{"1":{"name":"constructor","line":10,"loc":{"start":{"line":10,"column":4},"end":{"line":10,"column":22}}},"2":{"name":"validateSellCarRequest","line":35,"loc":{"start":{"line":35,"column":1},"end":{"line":35,"column":124}}},"3":{"name":"validateUniqueVin","line":44,"loc":{"start":{"line":44,"column":4},"end":{"line":44,"column":47}}},"4":{"name":"createCarForSale","line":55,"loc":{"start":{"line":55,"column":4},"end":{"line":55,"column":224}}},"5":{"name":"validId","line":70,"loc":{"start":{"line":70,"column":4},"end":{"line":70,"column":27}}},"6":{"name":"buyCarFromSeller","line":79,"loc":{"start":{"line":79,"column":4},"end":{"line":79,"column":65}}}},"statementMap":{"1":{"start":{"line":11,"column":8},"end":{"line":11,"column":33}},"2":{"start":{"line":36,"column":8},"end":{"line":36,"column":58}},"3":{"start":{"line":37,"column":2},"end":{"line":37,"column":47}},"4":{"start":{"line":38,"column":2},"end":{"line":38,"column":78}},"5":{"start":{"line":39,"column":2},"end":{"line":39,"column":74}},"6":{"start":{"line":45,"column":8},"end":{"line":45,"column":70}},"7":{"start":{"line":59,"column":8},"end":{"line":59,"column":107}},"8":{"start":{"line":61,"column":8},"end":{"line":61,"column":32}},"9":{"start":{"line":63,"column":8},"end":{"line":63,"column":99}},"10":{"start":{"line":71,"column":8},"end":{"line":71,"column":61}},"11":{"start":{"line":81,"column":8},"end":{"line":81,"column":37}},"12":{"start":{"line":83,"column":8},"end":{"line":83,"column":42}},"13":{"start":{"line":86,"column":8},"end":{"line":86,"column":78}},"14":{"start":{"line":89,"column":8},"end":{"line":89,"column":108}},"15":{"start":{"line":92,"column":8},"end":{"line":92,"column":78}},"16":{"start":{"line":95,"column":8},"end":{"line":95,"column":88}},"17":{"start":{"line":98,"column":8},"end":{"line":98,"column":27}},"18":{"start":{"line":100,"column":8},"end":{"line":100,"column":29}},"19":{"start":{"line":103,"column":8},"end":{"line":103,"column":25}},"20":{"start":{"line":107,"column":8},"end":{"line":107,"column":38}},"21":{"start":{"line":110,"column":8},"end":{"line":110,"column":111}},"22":{"start":{"line":112,"column":8},"end":{"line":112,"column":49}},"23":{"start":{"line":114,"column":8},"end":{"line":114,"column":44}},"24":{"start":{"line":115,"column":8},"end":{"line":115,"column":48}},"25":{"start":{"line":119,"column":8},"end":{"line":119,"column":68}},"26":{"start":{"line":122,"column":8},"end":{"line":122,"column":118}},"27":{"start":{"line":125,"column":8},"end":{"line":125,"column":151}}},"branchMap":{"1":{"line":36,"type":"if","locations":[{"start":{"line":36,"column":8},"end":{"line":36,"column":8}},{"start":{"line":36,"column":8},"end":{"line":36,"column":8}}]},"2":{"line":37,"type":"if","locations":[{"start":{"line":37,"column":2},"end":{"line":37,"column":2}},{"start":{"line":37,"column":2},"end":{"line":37,"column":2}}]},"3":{"line":38,"type":"if","locations":[{"start":{"line":38,"column":2},"end":{"line":38,"column":2}},{"start":{"line":38,"column":2},"end":{"line":38,"column":2}}]},"4":{"line":39,"type":"if","locations":[{"start":{"line":39,"column":2},"end":{"line":39,"column":2}},{"start":{"line":39,"column":2},"end":{"line":39,"column":2}}]},"5":{"line":45,"type":"if","locations":[{"start":{"line":45,"column":8},"end":{"line":45,"column":8}},{"start":{"line":45,"column":8},"end":{"line":45,"column":8}}]},"6":{"line":71,"type":"if","locations":[{"start":{"line":71,"column":8},"end":{"line":71,"column":8}},{"start":{"line":71,"column":8},"end":{"line":71,"column":8}}]},"7":{"line":86,"type":"if","locations":[{"start":{"line":86,"column":8},"end":{"line":86,"column":8}},{"start":{"line":86,"column":8},"end":{"line":86,"column":8}}]},"8":{"line":89,"type":"if","locations":[{"start":{"line":89,"column":8},"end":{"line":89,"column":8}},{"start":{"line":89,"column":8},"end":{"line":89,"column":8}}]},"9":{"line":92,"type":"if","locations":[{"start":{"line":92,"column":8},"end":{"line":92,"column":8}},{"start":{"line":92,"column":8},"end":{"line":92,"column":8}}]},"10":{"line":95,"type":"if","locations":[{"start":{"line":95,"column":8},"end":{"line":95,"column":8}},{"start":{"line":95,"column":8},"end":{"line":95,"column":8}}]}}},"contracts\\SafeMathMock.sol":{"l":{"15":4,"19":3},"path":"C:/Sharath/Kingsland/Module_5/Project_2/Ethereum-Dapp/contracts/SafeMathMock.sol","s":{"1":4,"2":3},"b":{},"f":{"1":4,"2":3},"fnMap":{"1":{"name":"_safeMathDivide","line":14,"loc":{"start":{"line":14,"column":4},"end":{"line":14,"column":78}}},"2":{"name":"_safeMathMultiply","line":18,"loc":{"start":{"line":18,"column":4},"end":{"line":18,"column":80}}}},"statementMap":{"1":{"start":{"line":15,"column":8},"end":{"line":15,"column":42}},"2":{"start":{"line":19,"column":8},"end":{"line":19,"column":44}}},"branchMap":{}},"contracts\\Utils.sol":{"l":{"26":8,"27":7,"29":7,"35":7,"36":1,"39":6,"40":6,"42":5,"54":4,"55":4},"path":"C:/Sharath/Kingsland/Module_5/Project_2/Ethereum-Dapp/contracts/Utils.sol","s":{"1":8,"2":7,"3":7,"4":7,"5":1,"6":6,"7":6,"8":5,"9":4,"10":4},"b":{"1":[7,1],"2":[1,6],"3":[5,1]},"f":{"1":8,"2":7,"3":4},"fnMap":{"1":{"name":"_safeMathDivide","line":25,"loc":{"start":{"line":25,"column":4},"end":{"line":25,"column":80}}},"2":{"name":"_safeMathMultiply","line":34,"loc":{"start":{"line":34,"column":4},"end":{"line":34,"column":73}}},"3":{"name":"_getPercentageOfTotalAmount","line":53,"loc":{"start":{"line":53,"column":4},"end":{"line":53,"column":134}}}},"statementMap":{"1":{"start":{"line":26,"column":8},"end":{"line":26,"column":59}},"2":{"start":{"line":27,"column":8},"end":{"line":27,"column":25}},"3":{"start":{"line":29,"column":8},"end":{"line":29,"column":16}},"4":{"start":{"line":35,"column":9},"end":{"line":35,"column":1630}},"5":{"start":{"line":36,"column":12},"end":{"line":36,"column":20}},"6":{"start":{"line":39,"column":8},"end":{"line":39,"column":25}},"7":{"start":{"line":40,"column":8},"end":{"line":40,"column":63}},"8":{"start":{"line":42,"column":8},"end":{"line":42,"column":16}},"9":{"start":{"line":54,"column":8},"end":{"line":54,"column":76}},"10":{"start":{"line":55,"column":8},"end":{"line":55,"column":60}}},"branchMap":{"1":{"line":26,"type":"if","locations":[{"start":{"line":26,"column":8},"end":{"line":26,"column":8}},{"start":{"line":26,"column":8},"end":{"line":26,"column":8}}]},"2":{"line":35,"type":"if","locations":[{"start":{"line":35,"column":9},"end":{"line":35,"column":9}},{"start":{"line":35,"column":9},"end":{"line":35,"column":9}}]},"3":{"line":40,"type":"if","locations":[{"start":{"line":40,"column":8},"end":{"line":40,"column":8}},{"start":{"line":40,"column":8},"end":{"line":40,"column":8}}]}}}}