{"contracts\\CarMarketPlace.sol":{"l":{"13":20,"14":20,"15":20,"40":25,"41":23,"42":21,"43":19,"44":17,"49":17,"50":15,"61":15,"63":15,"65":15,"67":15,"75":15,"76":11,"85":11,"87":11,"90":11,"93":9,"96":8,"99":6,"102":4,"104":4,"107":4,"111":4,"114":4,"116":4,"118":4,"119":4,"123":4,"126":4,"129":4,"134":5,"135":3,"140":3,"141":1,"151":1,"153":1},"path":"C:/Sharath/Kingsland/Module_5/Project_2/Ethereum-Dapp/contracts/CarMarketPlace.sol","s":{"1":20,"2":20,"3":20,"4":25,"5":23,"6":21,"7":19,"8":17,"9":15,"10":15,"11":15,"12":15,"13":11,"14":11,"15":11,"16":9,"17":8,"18":6,"19":4,"20":4,"21":4,"22":4,"23":4,"24":4,"25":4,"26":4,"27":4,"28":4,"29":4,"30":5,"31":3,"32":1,"33":1},"b":{"1":[23,2],"2":[21,2],"3":[19,2],"4":[17,2],"5":[15,2],"6":[11,4],"7":[9,2],"8":[8,1],"9":[6,2],"10":[4,2],"11":[3,2],"12":[1,2]},"f":{"1":20,"2":25,"3":17,"4":15,"5":15,"6":11,"7":5,"8":3,"9":1},"fnMap":{"1":{"name":"constructor","line":12,"loc":{"start":{"line":12,"column":4},"end":{"line":12,"column":22}}},"2":{"name":"validateSellCarRequest","line":39,"loc":{"start":{"line":39,"column":1},"end":{"line":39,"column":124}}},"3":{"name":"validateUniqueVin","line":48,"loc":{"start":{"line":48,"column":4},"end":{"line":48,"column":47}}},"4":{"name":"createCarForSale","line":59,"loc":{"start":{"line":59,"column":4},"end":{"line":59,"column":224}}},"5":{"name":"validId","line":74,"loc":{"start":{"line":74,"column":4},"end":{"line":74,"column":27}}},"6":{"name":"buyCarFromSeller","line":83,"loc":{"start":{"line":83,"column":4},"end":{"line":83,"column":65}}},"7":{"name":"onlyOwner","line":133,"loc":{"start":{"line":133,"column":1},"end":{"line":133,"column":34}}},"8":{"name":"marketPlaceDurationCheck","line":139,"loc":{"start":{"line":139,"column":1},"end":{"line":139,"column":37}}},"9":{"name":"marketPlaceShutDown","line":149,"loc":{"start":{"line":149,"column":4},"end":{"line":149,"column":86}}}},"statementMap":{"1":{"start":{"line":13,"column":8},"end":{"line":13,"column":33}},"2":{"start":{"line":14,"column":2},"end":{"line":14,"column":16}},"3":{"start":{"line":15,"column":8},"end":{"line":15,"column":29}},"4":{"start":{"line":40,"column":8},"end":{"line":40,"column":58}},"5":{"start":{"line":41,"column":2},"end":{"line":41,"column":47}},"6":{"start":{"line":42,"column":2},"end":{"line":42,"column":78}},"7":{"start":{"line":43,"column":2},"end":{"line":43,"column":74}},"8":{"start":{"line":49,"column":8},"end":{"line":49,"column":70}},"9":{"start":{"line":63,"column":8},"end":{"line":63,"column":107}},"10":{"start":{"line":65,"column":8},"end":{"line":65,"column":32}},"11":{"start":{"line":67,"column":8},"end":{"line":67,"column":99}},"12":{"start":{"line":75,"column":8},"end":{"line":75,"column":61}},"13":{"start":{"line":85,"column":8},"end":{"line":85,"column":37}},"14":{"start":{"line":87,"column":8},"end":{"line":87,"column":42}},"15":{"start":{"line":90,"column":8},"end":{"line":90,"column":78}},"16":{"start":{"line":93,"column":8},"end":{"line":93,"column":108}},"17":{"start":{"line":96,"column":8},"end":{"line":96,"column":78}},"18":{"start":{"line":99,"column":8},"end":{"line":99,"column":88}},"19":{"start":{"line":102,"column":8},"end":{"line":102,"column":27}},"20":{"start":{"line":104,"column":8},"end":{"line":104,"column":29}},"21":{"start":{"line":107,"column":8},"end":{"line":107,"column":25}},"22":{"start":{"line":111,"column":8},"end":{"line":111,"column":38}},"23":{"start":{"line":114,"column":8},"end":{"line":114,"column":111}},"24":{"start":{"line":116,"column":8},"end":{"line":116,"column":49}},"25":{"start":{"line":118,"column":8},"end":{"line":118,"column":44}},"26":{"start":{"line":119,"column":8},"end":{"line":119,"column":48}},"27":{"start":{"line":123,"column":8},"end":{"line":123,"column":68}},"28":{"start":{"line":126,"column":8},"end":{"line":126,"column":118}},"29":{"start":{"line":129,"column":8},"end":{"line":129,"column":151}},"30":{"start":{"line":134,"column":8},"end":{"line":134,"column":76}},"31":{"start":{"line":140,"column":8},"end":{"line":140,"column":121}},"32":{"start":{"line":151,"column":8},"end":{"line":151,"column":86}},"33":{"start":{"line":153,"column":8},"end":{"line":153,"column":34}}},"branchMap":{"1":{"line":40,"type":"if","locations":[{"start":{"line":40,"column":8},"end":{"line":40,"column":8}},{"start":{"line":40,"column":8},"end":{"line":40,"column":8}}]},"2":{"line":41,"type":"if","locations":[{"start":{"line":41,"column":2},"end":{"line":41,"column":2}},{"start":{"line":41,"column":2},"end":{"line":41,"column":2}}]},"3":{"line":42,"type":"if","locations":[{"start":{"line":42,"column":2},"end":{"line":42,"column":2}},{"start":{"line":42,"column":2},"end":{"line":42,"column":2}}]},"4":{"line":43,"type":"if","locations":[{"start":{"line":43,"column":2},"end":{"line":43,"column":2}},{"start":{"line":43,"column":2},"end":{"line":43,"column":2}}]},"5":{"line":49,"type":"if","locations":[{"start":{"line":49,"column":8},"end":{"line":49,"column":8}},{"start":{"line":49,"column":8},"end":{"line":49,"column":8}}]},"6":{"line":75,"type":"if","locations":[{"start":{"line":75,"column":8},"end":{"line":75,"column":8}},{"start":{"line":75,"column":8},"end":{"line":75,"column":8}}]},"7":{"line":90,"type":"if","locations":[{"start":{"line":90,"column":8},"end":{"line":90,"column":8}},{"start":{"line":90,"column":8},"end":{"line":90,"column":8}}]},"8":{"line":93,"type":"if","locations":[{"start":{"line":93,"column":8},"end":{"line":93,"column":8}},{"start":{"line":93,"column":8},"end":{"line":93,"column":8}}]},"9":{"line":96,"type":"if","locations":[{"start":{"line":96,"column":8},"end":{"line":96,"column":8}},{"start":{"line":96,"column":8},"end":{"line":96,"column":8}}]},"10":{"line":99,"type":"if","locations":[{"start":{"line":99,"column":8},"end":{"line":99,"column":8}},{"start":{"line":99,"column":8},"end":{"line":99,"column":8}}]},"11":{"line":134,"type":"if","locations":[{"start":{"line":134,"column":8},"end":{"line":134,"column":8}},{"start":{"line":134,"column":8},"end":{"line":134,"column":8}}]},"12":{"line":140,"type":"if","locations":[{"start":{"line":140,"column":8},"end":{"line":140,"column":8}},{"start":{"line":140,"column":8},"end":{"line":140,"column":8}}]}}},"contracts\\SafeMathMock.sol":{"l":{"15":4,"19":3},"path":"C:/Sharath/Kingsland/Module_5/Project_2/Ethereum-Dapp/contracts/SafeMathMock.sol","s":{"1":4,"2":3},"b":{},"f":{"1":4,"2":3},"fnMap":{"1":{"name":"_safeMathDivide","line":14,"loc":{"start":{"line":14,"column":4},"end":{"line":14,"column":78}}},"2":{"name":"_safeMathMultiply","line":18,"loc":{"start":{"line":18,"column":4},"end":{"line":18,"column":80}}}},"statementMap":{"1":{"start":{"line":15,"column":8},"end":{"line":15,"column":42}},"2":{"start":{"line":19,"column":8},"end":{"line":19,"column":44}}},"branchMap":{}},"contracts\\Utils.sol":{"l":{"26":8,"27":7,"29":7,"35":7,"36":1,"39":6,"40":6,"42":5,"54":4,"55":4},"path":"C:/Sharath/Kingsland/Module_5/Project_2/Ethereum-Dapp/contracts/Utils.sol","s":{"1":8,"2":7,"3":7,"4":7,"5":1,"6":6,"7":6,"8":5,"9":4,"10":4},"b":{"1":[7,1],"2":[1,6],"3":[5,1]},"f":{"1":8,"2":7,"3":4},"fnMap":{"1":{"name":"_safeMathDivide","line":25,"loc":{"start":{"line":25,"column":4},"end":{"line":25,"column":80}}},"2":{"name":"_safeMathMultiply","line":34,"loc":{"start":{"line":34,"column":4},"end":{"line":34,"column":73}}},"3":{"name":"_getPercentageOfTotalAmount","line":53,"loc":{"start":{"line":53,"column":4},"end":{"line":53,"column":134}}}},"statementMap":{"1":{"start":{"line":26,"column":8},"end":{"line":26,"column":59}},"2":{"start":{"line":27,"column":8},"end":{"line":27,"column":25}},"3":{"start":{"line":29,"column":8},"end":{"line":29,"column":16}},"4":{"start":{"line":35,"column":9},"end":{"line":35,"column":1630}},"5":{"start":{"line":36,"column":12},"end":{"line":36,"column":20}},"6":{"start":{"line":39,"column":8},"end":{"line":39,"column":25}},"7":{"start":{"line":40,"column":8},"end":{"line":40,"column":63}},"8":{"start":{"line":42,"column":8},"end":{"line":42,"column":16}},"9":{"start":{"line":54,"column":8},"end":{"line":54,"column":76}},"10":{"start":{"line":55,"column":8},"end":{"line":55,"column":60}}},"branchMap":{"1":{"line":26,"type":"if","locations":[{"start":{"line":26,"column":8},"end":{"line":26,"column":8}},{"start":{"line":26,"column":8},"end":{"line":26,"column":8}}]},"2":{"line":35,"type":"if","locations":[{"start":{"line":35,"column":9},"end":{"line":35,"column":9}},{"start":{"line":35,"column":9},"end":{"line":35,"column":9}}]},"3":{"line":40,"type":"if","locations":[{"start":{"line":40,"column":8},"end":{"line":40,"column":8}},{"start":{"line":40,"column":8},"end":{"line":40,"column":8}}]}}}}